<?xml version="1.0" encoding="UTF-8"?>
<!-- Generated by org.testng.reporters.JUnitReportReporter -->
<testsuite hostname="ip-172-31-41-222" failures="0" tests="1" name="com.SpiceJetTest.RoundTrip" time="13.297" errors="0" timestamp="2021-02-07T16:06:10 UTC" skipped="0">
  <testcase classname="com.SpiceJetTest.RoundTrip" name="verifyLoginTest01" time="13.297"/>
  <system-out/>
</testsuite> <!-- com.SpiceJetTest.RoundTrip -->
