<?xml version="1.0" encoding="UTF-8"?>
<!-- Generated by org.testng.reporters.JUnitReportReporter -->
<testsuite hostname="ip-172-31-41-222" failures="0" tests="1" name="com.SpiceJetTest.AppTest" time="13.142" errors="0" timestamp="2021-02-07T12:31:56 UTC" skipped="0">
  <testcase classname="com.SpiceJetTest.AppTest" name="verifyLoginTest01" time="13.142"/>
  <system-out/>
</testsuite> <!-- com.SpiceJetTest.AppTest -->
