<?xml version="1.0" encoding="UTF-8"?>
<!-- Generated by org.testng.reporters.JUnitReportReporter -->
<testsuite hostname="ip-172-31-41-222" failures="0" tests="1" name="com.SpiceJetTest.OneWay" time="0.000" errors="0" timestamp="2021-02-06T12:17:59 UTC" skipped="1">
  <testcase classname="com.SpiceJetTest.OneWay" name="verifyLoginTest01" time="0.000">
    <skipped/>
  </testcase> <!-- verifyLoginTest01 -->
  <system-out/>
</testsuite> <!-- com.SpiceJetTest.OneWay -->
