<?xml version="1.0" encoding="UTF-8"?>
<!-- Generated by org.testng.reporters.JUnitReportReporter -->
<testsuite hostname="ip-172-31-41-222" failures="0" tests="1" name="com.SpiceJetTest.Multicity" time="84.534" errors="0" timestamp="2021-02-07T12:26:53 UTC" skipped="0">
  <testcase classname="com.SpiceJetTest.Multicity" name="verifyLoginTest01" time="84.534"/>
  <system-out/>
</testsuite> <!-- com.SpiceJetTest.Multicity -->
